Loading: LOWER_VERSION_Inventory_of_Public_Buildings.xls
Loading: LOWER_VERSION_Inventory_of_Public_Buildings.xls
14:53:26  INFO     Loading: LOWER_VERSION_Inventory_of_Public_Buildings.xls
Loading: LOWER_VERSION_Inventory_of_Public_Buildings.xls
14:55:34  INFO     Loading: LOWER_VERSION_Inventory_of_Public_Buildings.xls
Loaded 1996 asset rows from 839 unique MDAs
14:55:34  INFO     Loaded 1996 asset rows from 839 unique MDAs
Processing 20 assets…
14:55:34  INFO     Processing 20 assets…
[   1/20] Federal Ministry of Agriculture And Rural Develo  Lagos
14:55:34  INFO     [   1/20] Federal Ministry of Agriculture And Rural Develo  Lagos
         ✓ image  1000×667  → asset_fc1983bc30.jpg
14:55:41  INFO              ✓ image  1000×667  → asset_fc1983bc30.jpg
[   2/20] Federal Ministry of Agriculture And Rural Develo  Lagos
14:55:42  INFO     [   2/20] Federal Ministry of Agriculture And Rural Develo  Lagos
         ✓ image  1000×667  → asset_be7f1b079b.jpg
14:55:48  INFO              ✓ image  1000×667  → asset_be7f1b079b.jpg
[   3/20] Federal Ministry of Agriculture And Rural Develo  Abuja
14:55:49  INFO     [   3/20] Federal Ministry of Agriculture And Rural Develo  Abuja
         ✓ image  1200×801  → asset_036db50b77.jpg
14:56:07  INFO              ✓ image  1200×801  → asset_036db50b77.jpg
[   4/20] Vetinary Council Of Nigeria (VCN)                 FCT, Abuja
14:56:08  INFO     [   4/20] Vetinary Council Of Nigeria (VCN)                 FCT, Abuja
[   5/20] Nigeria Quarantine Services (NAQS)                FCT, Abuja
14:56:21  INFO     [   5/20] Nigeria Quarantine Services (NAQS)                FCT, Abuja
[   6/20] Bank of Agriculture (BOA)                         Kaduna
14:56:32  INFO     [   6/20] Bank of Agriculture (BOA)                         Kaduna
[   7/20] Agricultural And Rural Management Training Insti  Abuja
14:56:43  INFO     [   7/20] Agricultural And Rural Management Training Insti  Abuja
[   8/20] Nigerian Agricultural Insurance Corporation (NAI  FCT, Abuja
14:56:54  INFO     [   8/20] Nigerian Agricultural Insurance Corporation (NAI  FCT, Abuja
[   9/20] Nigeria Agricultural Seed Council                 FCT, Abuja
14:57:04  INFO     [   9/20] Nigeria Agricultural Seed Council                 FCT, Abuja
[  10/20] National Centre For Agricultural Mechanization (  Kwara
14:57:12  INFO     [  10/20] National Centre For Agricultural Mechanization (  Kwara
[  11/20] Nigeria Institute Of Animal Science (NIAS)        FCT, Abuja
14:57:25  INFO     [  11/20] Nigeria Institute Of Animal Science (NIAS)        FCT, Abuja
[  12/20] Nigeria Institute Of Soil Science (NISS)          FCT, Abuja
14:57:36  INFO     [  12/20] Nigeria Institute Of Soil Science (NISS)          FCT, Abuja
[  13/20] National Agricultural Land Development Authority  FCT, Abuja
14:57:47  INFO     [  13/20] National Agricultural Land Development Authority  FCT, Abuja
[  14/20] Agricultural Research Council Of Nigeria (ARCN)   FCT, Abuja
14:57:58  INFO     [  14/20] Agricultural Research Council Of Nigeria (ARCN)   FCT, Abuja
         ✓ image  960×403  → asset_0ac22b4510.jpg
14:58:03  INFO              ✓ image  960×403  → asset_0ac22b4510.jpg
[  15/20] Federal College Of Forestry                       Oyo
14:58:04  INFO     [  15/20] Federal College Of Forestry                       Oyo
[  16/20] Chad Basin National Park                          Borno
14:58:09  INFO     [  16/20] Chad Basin National Park                          Borno
[  17/20] Cocoa Research Institute Of Nigeria               Oyo
14:58:16  INFO     [  17/20] Cocoa Research Institute Of Nigeria               Oyo
[  18/20] College Of Forestry Mechanisation                 Kaduna
14:58:29  INFO     [  18/20] College Of Forestry Mechanisation                 Kaduna
[  19/20] Cross River National Park                         Cross River
14:58:40  INFO     [  19/20] Cross River National Park                         Cross River
[  20/20] Federal Agricultural Co-Ordinating Unit (FACU) H  Abuja
14:58:52  INFO     [  20/20] Federal Agricultural Co-Ordinating Unit (FACU) H  Abuja
         ✓ image  1200×801  → asset_9535e22195.jpg
14:59:06  INFO              ✓ image  1200×801  → asset_9535e22195.jpg
JSON written → output\assets.json  (20 documents)
14:59:07  INFO     JSON written → output\assets.json  (20 documents)
CSV written  → output\assets_summary.csv
14:59:07  INFO     CSV written  → output\assets_summary.csv
Loading: LOWER_VERSION_Inventory_of_Public_Buildings.xls
14:59:09  INFO     Loading: LOWER_VERSION_Inventory_of_Public_Buildings.xls
Loaded 1996 asset rows from 839 unique MDAs
14:59:09  INFO     Loaded 1996 asset rows from 839 unique MDAs
Processing 1996 assets…
14:59:09  INFO     Processing 1996 assets…
[   1/1996] Federal Ministry of Agriculture And Rural Develo  Lagos
14:59:09  INFO     [   1/1996] Federal Ministry of Agriculture And Rural Develo  Lagos
         ✓ image  1000×667  → asset_fc1983bc30.jpg
14:59:16  INFO              ✓ image  1000×667  → asset_fc1983bc30.jpg
[   2/1996] Federal Ministry of Agriculture And Rural Develo  Lagos
14:59:16  INFO     [   2/1996] Federal Ministry of Agriculture And Rural Develo  Lagos
         ✓ image  1000×667  → asset_be7f1b079b.jpg
14:59:23  INFO              ✓ image  1000×667  → asset_be7f1b079b.jpg
[   3/1996] Federal Ministry of Agriculture And Rural Develo  Abuja
14:59:24  INFO     [   3/1996] Federal Ministry of Agriculture And Rural Develo  Abuja
[   4/1996] Vetinary Council Of Nigeria (VCN)                 FCT, Abuja
14:59:36  INFO     [   4/1996] Vetinary Council Of Nigeria (VCN)                 FCT, Abuja
[   5/1996] Nigeria Quarantine Services (NAQS)                FCT, Abuja
14:59:47  INFO     [   5/1996] Nigeria Quarantine Services (NAQS)                FCT, Abuja
[   6/1996] Bank of Agriculture (BOA)                         Kaduna
14:59:59  INFO     [   6/1996] Bank of Agriculture (BOA)                         Kaduna
         ✓ image  486×1080  → asset_a820ed8118.jpg
15:00:03  INFO              ✓ image  486×1080  → asset_a820ed8118.jpg
[   7/1996] Agricultural And Rural Management Training Insti  Abuja
15:00:04  INFO     [   7/1996] Agricultural And Rural Management Training Insti  Abuja
         ✓ image  1024×682  → asset_2a55af20e5.jpg
15:00:08  INFO              ✓ image  1024×682  → asset_2a55af20e5.jpg
[   8/1996] Nigerian Agricultural Insurance Corporation (NAI  FCT, Abuja
15:00:09  INFO     [   8/1996] Nigerian Agricultural Insurance Corporation (NAI  FCT, Abuja
[   9/1996] Nigeria Agricultural Seed Council                 FCT, Abuja
15:00:22  INFO     [   9/1996] Nigeria Agricultural Seed Council                 FCT, Abuja
[  10/1996] National Centre For Agricultural Mechanization (  Kwara
15:00:33  INFO     [  10/1996] National Centre For Agricultural Mechanization (  Kwara
[  11/1996] Nigeria Institute Of Animal Science (NIAS)        FCT, Abuja
15:00:43  INFO     [  11/1996] Nigeria Institute Of Animal Science (NIAS)        FCT, Abuja
[  12/1996] Nigeria Institute Of Soil Science (NISS)          FCT, Abuja
15:00:53  INFO     [  12/1996] Nigeria Institute Of Soil Science (NISS)          FCT, Abuja
         ✓ image  777×599  → asset_1d7c1cf9b2.jpg
15:01:03  INFO              ✓ image  777×599  → asset_1d7c1cf9b2.jpg
[  13/1996] National Agricultural Land Development Authority  FCT, Abuja
15:01:04  INFO     [  13/1996] National Agricultural Land Development Authority  FCT, Abuja
         ✓ image  1024×682  → asset_fc7fe5dca3.jpg
15:01:11  INFO              ✓ image  1024×682  → asset_fc7fe5dca3.jpg
[  14/1996] Agricultural Research Council Of Nigeria (ARCN)   FCT, Abuja
15:01:11  INFO     [  14/1996] Agricultural Research Council Of Nigeria (ARCN)   FCT, Abuja
         ✓ image  960×403  → asset_0ac22b4510.jpg
15:01:16  INFO              ✓ image  960×403  → asset_0ac22b4510.jpg
[  15/1996] Federal College Of Forestry                       Oyo
15:01:17  INFO     [  15/1996] Federal College Of Forestry                       Oyo
[  16/1996] Chad Basin National Park                          Borno
15:01:28  INFO     [  16/1996] Chad Basin National Park                          Borno
[  17/1996] Cocoa Research Institute Of Nigeria               Oyo
15:01:40  INFO     [  17/1996] Cocoa Research Institute Of Nigeria               Oyo
[  18/1996] College Of Forestry Mechanisation                 Kaduna
15:01:52  INFO     [  18/1996] College Of Forestry Mechanisation                 Kaduna
